<?xml version="1.0" encoding="UTF-8"?>
<!-- Generated by org.testng.reporters.JUnitXMLReporter -->
<testsuite hostname="DESKTOP-MMCCJ5V" ignored="1" name="Default test" tests="5" failures="1" timestamp="2022-06-28T13:19:20 IST" time="156.669" errors="0">
  <testcase name="BandsHeaderValid" time="42.405" classname="SRSproject.SRSproject.BrandPageTest"/>
  <testcase name="allBrandsValid" time="29.396" classname="SRSproject.SRSproject.BrandPageTest">
    <failure type="java.lang.AssertionError" message="expected [https://wcc.heritageplus.com/brands/basf] but found [https://nfi.heritageplus.com/brands/basf]">
      <![CDATA[java.lang.AssertionError: expected [https://wcc.heritageplus.com/brands/basf] but found [https://nfi.heritageplus.com/brands/basf]
at org.testng.Assert.fail(Assert.java:99)
at org.testng.Assert.failNotEquals(Assert.java:1037)
at org.testng.Assert.assertEqualsImpl(Assert.java:140)
at org.testng.Assert.assertEquals(Assert.java:122)
at org.testng.Assert.assertEquals(Assert.java:617)
at SRSproject.SRSproject.BrandPageTest.allBrandsValid(BrandPageTest.java:58)
at sun.reflect.NativeMethodAccessorImpl.invoke0(Native Method)
at sun.reflect.NativeMethodAccessorImpl.invoke(NativeMethodAccessorImpl.java:62)
at sun.reflect.DelegatingMethodAccessorImpl.invoke(DelegatingMethodAccessorImpl.java:43)
at java.lang.reflect.Method.invoke(Method.java:498)
at org.testng.internal.MethodInvocationHelper.invokeMethod(MethodInvocationHelper.java:132)
at org.testng.internal.TestInvoker.invokeMethod(TestInvoker.java:599)
at org.testng.internal.TestInvoker.invokeTestMethod(TestInvoker.java:174)
at org.testng.internal.MethodRunner.runInSequence(MethodRunner.java:46)
at org.testng.internal.TestInvoker$MethodInvocationAgent.invoke(TestInvoker.java:822)
at org.testng.internal.TestInvoker.invokeTestMethods(TestInvoker.java:147)
at org.testng.internal.TestMethodWorker.invokeTestMethods(TestMethodWorker.java:146)
at org.testng.internal.TestMethodWorker.run(TestMethodWorker.java:128)
at java.util.ArrayList.forEach(ArrayList.java:1255)
at org.testng.TestRunner.privateRun(TestRunner.java:764)
at org.testng.TestRunner.run(TestRunner.java:585)
at org.testng.SuiteRunner.runTest(SuiteRunner.java:384)
at org.testng.SuiteRunner.runSequentially(SuiteRunner.java:378)
at org.testng.SuiteRunner.privateRun(SuiteRunner.java:337)
at org.testng.SuiteRunner.run(SuiteRunner.java:286)
at org.testng.SuiteRunnerWorker.runSuite(SuiteRunnerWorker.java:53)
at org.testng.SuiteRunnerWorker.run(SuiteRunnerWorker.java:96)
at org.testng.TestNG.runSuitesSequentially(TestNG.java:1218)
at org.testng.TestNG.runSuitesLocally(TestNG.java:1140)
at org.testng.TestNG.runSuites(TestNG.java:1069)
at org.testng.TestNG.run(TestNG.java:1037)
at org.testng.remote.AbstractRemoteTestNG.run(AbstractRemoteTestNG.java:115)
at org.testng.remote.RemoteTestNG.initAndRun(RemoteTestNG.java:251)
at org.testng.remote.RemoteTestNG.main(RemoteTestNG.java:77)
]]>
    </failure>
  </testcase> <!-- allBrandsValid -->
  <testcase name="SearchBrandName" time="29.633" classname="SRSproject.SRSproject.BrandPageTest"/>
  <testcase name="SearchBrandNamePCS" time="22.839" classname="SRSproject.SRSproject.BrandPageTest"/>
  <testcase name="SearchBrandNameQPS" time="32.373" classname="SRSproject.SRSproject.BrandPageTest"/>
  <testcase name="SearchBrandNamePEP" time="0.0" classname="SRSproject.SRSproject.BrandPageTest">
    <ignored/>
  </testcase> <!-- SearchBrandNamePEP -->
</testsuite> <!-- Default test -->
