<?xml version="1.0" encoding="UTF-8"?>
<!-- Generated by org.testng.reporters.JUnitReportReporter -->
<testsuite hostname="L295-W-MARIRAJP" failures="0" tests="9" name="SRSproject.SRSproject.StoreLocatorsPageTest_QPS" time="0.004" errors="1" timestamp="2022-03-28T13:21:45 IST" skipped="8">
  <testcase classname="SRSproject.SRSproject.StoreLocatorsPageTest_QPS" name="setUp" time="0.004">
    <error message="C:\Users\DCKAP\eclipse-workspace\SRSproject_Pool\src\main\java\config_staging\configuration_staging_pcs.properties (The system cannot find the path specified)" type="java.io.FileNotFoundException">
      <![CDATA[java.io.FileNotFoundException: C:\Users\DCKAP\eclipse-workspace\SRSproject_Pool\src\main\java\config_staging\configuration_staging_pcs.properties (The system cannot find the path specified)
at java.base/java.io.FileInputStream.open0(Native Method)
at java.base/java.io.FileInputStream.open(FileInputStream.java:216)
at java.base/java.io.FileInputStream.<init>(FileInputStream.java:157)
at java.base/java.io.FileInputStream.<init>(FileInputStream.java:111)
at SRSproject.SRSproject.BasePage.initializtion(BasePage.java:51)
at SRSproject.SRSproject.BaseTest.setUp(BaseTest.java:16)
at java.base/jdk.internal.reflect.NativeMethodAccessorImpl.invoke0(Native Method)
at java.base/jdk.internal.reflect.NativeMethodAccessorImpl.invoke(NativeMethodAccessorImpl.java:77)
at java.base/jdk.internal.reflect.DelegatingMethodAccessorImpl.invoke(DelegatingMethodAccessorImpl.java:43)
at java.base/java.lang.reflect.Method.invoke(Method.java:568)
at org.testng.internal.MethodInvocationHelper.invokeMethod(MethodInvocationHelper.java:133)
at org.testng.internal.MethodInvocationHelper.invokeMethodConsideringTimeout(MethodInvocationHelper.java:62)
at org.testng.internal.ConfigInvoker.invokeConfigurationMethod(ConfigInvoker.java:385)
at org.testng.internal.ConfigInvoker.invokeConfigurations(ConfigInvoker.java:321)
at org.testng.SuiteRunner.privateRun(SuiteRunner.java:317)
at org.testng.SuiteRunner.run(SuiteRunner.java:276)
at org.testng.SuiteRunnerWorker.runSuite(SuiteRunnerWorker.java:53)
at org.testng.SuiteRunnerWorker.run(SuiteRunnerWorker.java:96)
at org.testng.TestNG.runSuitesSequentially(TestNG.java:1212)
at org.testng.TestNG.runSuitesLocally(TestNG.java:1134)
at org.testng.TestNG.runSuites(TestNG.java:1063)
at org.testng.TestNG.run(TestNG.java:1031)
at org.testng.remote.AbstractRemoteTestNG.run(AbstractRemoteTestNG.java:115)
at org.testng.remote.RemoteTestNG.initAndRun(RemoteTestNG.java:251)
at org.testng.remote.RemoteTestNG.main(RemoteTestNG.java:77)
]]>
    </error>
  </testcase> <!-- setUp -->
  <system-out/>
  <testcase classname="SRSproject.SRSproject.StoreLocatorsPageTest_QPS" name="AllBranchValidation" time="0.000">
    <skipped/>
  </testcase> <!-- AllBranchValidation -->
  <system-out/>
  <testcase classname="SRSproject.SRSproject.StoreLocatorsPageTest_QPS" name="SelectBranch_RedirectionValidation" time="0.000">
    <skipped/>
  </testcase> <!-- SelectBranch_RedirectionValidation -->
  <system-out/>
  <testcase classname="SRSproject.SRSproject.StoreLocatorsPageTest_QPS" name="LocationBasedBranchValidation" time="0.000">
    <skipped/>
  </testcase> <!-- LocationBasedBranchValidation -->
  <system-out/>
  <testcase classname="SRSproject.SRSproject.StoreLocatorsPageTest_QPS" name="ZipcodeBasedBranchValidation" time="0.000">
    <skipped/>
  </testcase> <!-- ZipcodeBasedBranchValidation -->
  <system-out/>
  <testcase classname="SRSproject.SRSproject.StoreLocatorsPageTest_QPS" name="GetDirection_RedirectionValidation" time="0.000">
    <skipped/>
  </testcase> <!-- GetDirection_RedirectionValidation -->
  <system-out/>
  <testcase classname="SRSproject.SRSproject.StoreLocatorsPageTest_QPS" name="InValidLocationSearch_Validation" time="0.000">
    <skipped/>
  </testcase> <!-- InValidLocationSearch_Validation -->
  <system-out/>
  <testcase classname="SRSproject.SRSproject.StoreLocatorsPageTest_QPS" name="ChangeBranchDisplayed_LoggedInUser_Validation" time="0.000">
    <skipped/>
  </testcase> <!-- ChangeBranchDisplayed_LoggedInUser_Validation -->
  <system-out/>
  <testcase classname="SRSproject.SRSproject.StoreLocatorsPageTest_QPS" name="ChangingBranch_Validation" time="0.000">
    <skipped/>
  </testcase> <!-- ChangingBranch_Validation -->
  <system-out/>
</testsuite> <!-- SRSproject.SRSproject.StoreLocatorsPageTest_QPS -->
